  [1m[35m (157.0ms)[0m  [1m[35mCREATE DATABASE "rot13_api_development" ENCODING = 'utf8'[0m
  [1m[35m (102.0ms)[0m  [1m[35mCREATE DATABASE "rot13_api_test" ENCODING = 'utf8'[0m
  [1m[35m (13.8ms)[0m  [1m[35mCREATE TABLE "schema_migrations" ("version" character varying NOT NULL PRIMARY KEY)[0m
  [1m[35m (2.8ms)[0m  [1m[35mCREATE TABLE "ar_internal_metadata" ("key" character varying NOT NULL PRIMARY KEY, "value" character varying, "created_at" timestamp(6) NOT NULL, "updated_at" timestamp(6) NOT NULL)[0m
  [1m[35m (0.2ms)[0m  [1m[34mSELECT pg_try_advisory_lock(4484900082295005660)[0m
  [1m[36mActiveRecord::SchemaMigration Pluck (1.1ms)[0m  [1m[34mSELECT "schema_migrations"."version" FROM "schema_migrations" ORDER BY "schema_migrations"."version" ASC[0m
Migrating to CreateOriginalStrings (20230704195916)
  [1m[36mTRANSACTION (0.1ms)[0m  [1m[35mBEGIN[0m
  [1m[35m (4.2ms)[0m  [1m[35mCREATE TABLE "original_strings" ("id" bigserial primary key, "value" character varying, "created_at" timestamp(6) NOT NULL, "updated_at" timestamp(6) NOT NULL)[0m
  [1m[36mActiveRecord::SchemaMigration Create (3.0ms)[0m  [1m[32mINSERT INTO "schema_migrations" ("version") VALUES ($1) RETURNING "version"[0m  [["version", "20230704195916"]]
  [1m[36mTRANSACTION (0.3ms)[0m  [1m[35mCOMMIT[0m
  [1m[36mActiveRecord::InternalMetadata Load (0.7ms)[0m  [1m[34mSELECT "ar_internal_metadata".* FROM "ar_internal_metadata" WHERE "ar_internal_metadata"."key" = $1 LIMIT $2[0m  [["key", "environment"], ["LIMIT", 1]]
  [1m[36mTRANSACTION (0.1ms)[0m  [1m[35mBEGIN[0m
  [1m[36mActiveRecord::InternalMetadata Create (0.9ms)[0m  [1m[32mINSERT INTO "ar_internal_metadata" ("key", "value", "created_at", "updated_at") VALUES ($1, $2, $3, $4) RETURNING "key"[0m  [["key", "environment"], ["value", "development"], ["created_at", "2023-07-04 20:01:54.169861"], ["updated_at", "2023-07-04 20:01:54.169861"]]
  [1m[36mTRANSACTION (0.3ms)[0m  [1m[35mCOMMIT[0m
  [1m[35m (0.2ms)[0m  [1m[34mSELECT pg_advisory_unlock(4484900082295005660)[0m
  [1m[36mActiveRecord::SchemaMigration Pluck (0.7ms)[0m  [1m[34mSELECT "schema_migrations"."version" FROM "schema_migrations" ORDER BY "schema_migrations"."version" ASC[0m
Started POST "/encode" for 127.0.0.1 at 2023-07-04 16:03:52 -0400
  [1m[36mActiveRecord::SchemaMigration Pluck (0.6ms)[0m  [1m[34mSELECT "schema_migrations"."version" FROM "schema_migrations" ORDER BY "schema_migrations"."version" ASC[0m
Processing by EncoderController#encode as */*
  Parameters: {"string"=>"Hello, World!", "encoder"=>{"string"=>"Hello, World!"}}
Can't verify CSRF token authenticity.
Completed 422 Unprocessable Entity in 1ms (ActiveRecord: 0.0ms | Allocations: 590)


  
ActionController::InvalidAuthenticityToken (Can't verify CSRF token authenticity.):
  
actionpack (7.0.6) lib/action_controller/metal/request_forgery_protection.rb:253:in `handle_unverified_request'
actionpack (7.0.6) lib/action_controller/metal/request_forgery_protection.rb:286:in `handle_unverified_request'
actionpack (7.0.6) lib/action_controller/metal/request_forgery_protection.rb:275:in `verify_authenticity_token'
activesupport (7.0.6) lib/active_support/callbacks.rb:400:in `block in make_lambda'
activesupport (7.0.6) lib/active_support/callbacks.rb:199:in `block (2 levels) in halting'
actionpack (7.0.6) lib/abstract_controller/callbacks.rb:34:in `block (2 levels) in <module:Callbacks>'
activesupport (7.0.6) lib/active_support/callbacks.rb:200:in `block in halting'
activesupport (7.0.6) lib/active_support/callbacks.rb:595:in `block in invoke_before'
activesupport (7.0.6) lib/active_support/callbacks.rb:595:in `each'
activesupport (7.0.6) lib/active_support/callbacks.rb:595:in `invoke_before'
activesupport (7.0.6) lib/active_support/callbacks.rb:116:in `block in run_callbacks'
activesupport (7.0.6) lib/active_support/callbacks.rb:138:in `run_callbacks'
actionpack (7.0.6) lib/abstract_controller/callbacks.rb:233:in `process_action'
actionpack (7.0.6) lib/action_controller/metal/rescue.rb:23:in `process_action'
actionpack (7.0.6) lib/action_controller/metal/instrumentation.rb:67:in `block in process_action'
activesupport (7.0.6) lib/active_support/notifications.rb:206:in `block in instrument'
activesupport (7.0.6) lib/active_support/notifications/instrumenter.rb:24:in `instrument'
activesupport (7.0.6) lib/active_support/notifications.rb:206:in `instrument'
actionpack (7.0.6) lib/action_controller/metal/instrumentation.rb:66:in `process_action'
actionpack (7.0.6) lib/action_controller/metal/params_wrapper.rb:259:in `process_action'
activerecord (7.0.6) lib/active_record/railties/controller_runtime.rb:27:in `process_action'
actionpack (7.0.6) lib/abstract_controller/base.rb:151:in `process'
actionview (7.0.6) lib/action_view/rendering.rb:39:in `process'
actionpack (7.0.6) lib/action_controller/metal.rb:188:in `dispatch'
actionpack (7.0.6) lib/action_controller/metal.rb:251:in `dispatch'
actionpack (7.0.6) lib/action_dispatch/routing/route_set.rb:49:in `dispatch'
actionpack (7.0.6) lib/action_dispatch/routing/route_set.rb:32:in `serve'
actionpack (7.0.6) lib/action_dispatch/journey/router.rb:50:in `block in serve'
actionpack (7.0.6) lib/action_dispatch/journey/router.rb:32:in `each'
actionpack (7.0.6) lib/action_dispatch/journey/router.rb:32:in `serve'
actionpack (7.0.6) lib/action_dispatch/routing/route_set.rb:852:in `call'
rack (2.2.7) lib/rack/tempfile_reaper.rb:15:in `call'
rack (2.2.7) lib/rack/etag.rb:27:in `call'
rack (2.2.7) lib/rack/conditional_get.rb:40:in `call'
rack (2.2.7) lib/rack/head.rb:12:in `call'
actionpack (7.0.6) lib/action_dispatch/http/permissions_policy.rb:38:in `call'
actionpack (7.0.6) lib/action_dispatch/http/content_security_policy.rb:36:in `call'
rack (2.2.7) lib/rack/session/abstract/id.rb:266:in `context'
rack (2.2.7) lib/rack/session/abstract/id.rb:260:in `call'
actionpack (7.0.6) lib/action_dispatch/middleware/cookies.rb:704:in `call'
activerecord (7.0.6) lib/active_record/migration.rb:603:in `call'
actionpack (7.0.6) lib/action_dispatch/middleware/callbacks.rb:27:in `block in call'
activesupport (7.0.6) lib/active_support/callbacks.rb:99:in `run_callbacks'
actionpack (7.0.6) lib/action_dispatch/middleware/callbacks.rb:26:in `call'
actionpack (7.0.6) lib/action_dispatch/middleware/executor.rb:14:in `call'
actionpack (7.0.6) lib/action_dispatch/middleware/actionable_exceptions.rb:17:in `call'
actionpack (7.0.6) lib/action_dispatch/middleware/debug_exceptions.rb:28:in `call'
web-console (4.2.0) lib/web_console/middleware.rb:132:in `call_app'
web-console (4.2.0) lib/web_console/middleware.rb:28:in `block in call'
web-console (4.2.0) lib/web_console/middleware.rb:17:in `catch'
web-console (4.2.0) lib/web_console/middleware.rb:17:in `call'
actionpack (7.0.6) lib/action_dispatch/middleware/show_exceptions.rb:29:in `call'
railties (7.0.6) lib/rails/rack/logger.rb:40:in `call_app'
railties (7.0.6) lib/rails/rack/logger.rb:25:in `block in call'
activesupport (7.0.6) lib/active_support/tagged_logging.rb:99:in `block in tagged'
activesupport (7.0.6) lib/active_support/tagged_logging.rb:37:in `tagged'
activesupport (7.0.6) lib/active_support/tagged_logging.rb:99:in `tagged'
railties (7.0.6) lib/rails/rack/logger.rb:25:in `call'
sprockets-rails (3.4.2) lib/sprockets/rails/quiet_assets.rb:13:in `call'
actionpack (7.0.6) lib/action_dispatch/middleware/remote_ip.rb:93:in `call'
actionpack (7.0.6) lib/action_dispatch/middleware/request_id.rb:26:in `call'
rack (2.2.7) lib/rack/method_override.rb:24:in `call'
rack (2.2.7) lib/rack/runtime.rb:22:in `call'
activesupport (7.0.6) lib/active_support/cache/strategy/local_cache_middleware.rb:29:in `call'
actionpack (7.0.6) lib/action_dispatch/middleware/server_timing.rb:61:in `block in call'
actionpack (7.0.6) lib/action_dispatch/middleware/server_timing.rb:26:in `collect_events'
actionpack (7.0.6) lib/action_dispatch/middleware/server_timing.rb:60:in `call'
actionpack (7.0.6) lib/action_dispatch/middleware/executor.rb:14:in `call'
actionpack (7.0.6) lib/action_dispatch/middleware/static.rb:23:in `call'
rack (2.2.7) lib/rack/sendfile.rb:110:in `call'
actionpack (7.0.6) lib/action_dispatch/middleware/host_authorization.rb:137:in `call'
railties (7.0.6) lib/rails/engine.rb:530:in `call'
puma (5.6.6) lib/puma/configuration.rb:252:in `call'
puma (5.6.6) lib/puma/request.rb:77:in `block in handle_request'
puma (5.6.6) lib/puma/thread_pool.rb:340:in `with_force_shutdown'
puma (5.6.6) lib/puma/request.rb:76:in `handle_request'
puma (5.6.6) lib/puma/server.rb:443:in `process_client'
puma (5.6.6) lib/puma/thread_pool.rb:147:in `block in spawn_thread'
Started POST "/encode" for 127.0.0.1 at 2023-07-04 16:05:26 -0400
  [1m[36mActiveRecord::SchemaMigration Pluck (0.6ms)[0m  [1m[34mSELECT "schema_migrations"."version" FROM "schema_migrations" ORDER BY "schema_migrations"."version" ASC[0m
Processing by EncoderController#encode as */*
  Parameters: {"string"=>"Hello, World!", "encoder"=>{"string"=>"Hello, World!"}}
  [1m[36mTRANSACTION (0.2ms)[0m  [1m[35mBEGIN[0m
  ↳ app/controllers/encoder_controller.rb:5:in `encode'
  [1m[36mOriginalString Create (1.2ms)[0m  [1m[32mINSERT INTO "original_strings" ("value", "created_at", "updated_at") VALUES ($1, $2, $3) RETURNING "id"[0m  [["value", "Hello, World!"], ["created_at", "2023-07-04 20:05:26.713619"], ["updated_at", "2023-07-04 20:05:26.713619"]]
  ↳ app/controllers/encoder_controller.rb:5:in `encode'
  [1m[36mTRANSACTION (0.4ms)[0m  [1m[35mCOMMIT[0m
  ↳ app/controllers/encoder_controller.rb:5:in `encode'
Completed 200 OK in 30ms (Views: 0.3ms | ActiveRecord: 5.0ms | Allocations: 9590)


  [1m[36mOriginalString Count (1.2ms)[0m  [1m[34mSELECT COUNT(*) FROM "original_strings"[0m
  [1m[36mOriginalString Load (1.3ms)[0m  [1m[34mSELECT "original_strings".* FROM "original_strings" ORDER BY "original_strings"."id" ASC LIMIT $1[0m  [["LIMIT", 1]]
Started POST "/encode" for 127.0.0.1 at 2023-07-04 16:19:41 -0400
Processing by EncoderController#encode as */*
  Parameters: {"string"=>"Lorem ipsum dolor sit amet, consectetur adipiscing elit. Nulla facilisi. Suspendisse ultrices, nisi ac eleifend interdum, ipsum tellus tempor enim, eu consectetur nunc arcu id lacus. Integer semper felis ac dolor iaculis, eu aliquet lectus euismod. Sed ac elit id tellus malesuada efficitur vel nec erat. Fusce dictum risus ut tristique tempor. Curabitur vulputate elit sit amet lectus dapibus, ac ultricies risus efficitur. Nam et ultrices lectus. Nulla tempus, massa nec malesuada pretium, dolor mauris tincidunt nunc, a rutrum lectus leo id lorem. Fusce sed iaculis arcu, sed venenatis orci. Vestibulum quis faucibus tortor. Mauris quis ullamcorper purus. Duis malesuada justo ac dui volutpat, et aliquet purus sagittis. Nunc feugiat feugiat tempus. Nulla lacinia, nisi ut efficitur consectetur, ligula eros aliquet nunc, nec vestibulum tortor purus in nisi. Fusce consequat congue neque eget faucibus.", "encoder"=>{"string"=>"Lorem ipsum dolor sit amet, consectetur adipiscing elit. Nulla facilisi. Suspendisse ultrices, nisi ac eleifend interdum, ipsum tellus tempor enim, eu consectetur nunc arcu id lacus. Integer semper felis ac dolor iaculis, eu aliquet lectus euismod. Sed ac elit id tellus malesuada efficitur vel nec erat. Fusce dictum risus ut tristique tempor. Curabitur vulputate elit sit amet lectus dapibus, ac ultricies risus efficitur. Nam et ultrices lectus. Nulla tempus, massa nec malesuada pretium, dolor mauris tincidunt nunc, a rutrum lectus leo id lorem. Fusce sed iaculis arcu, sed venenatis orci. Vestibulum quis faucibus tortor. Mauris quis ullamcorper purus. Duis malesuada justo ac dui volutpat, et aliquet purus sagittis. Nunc feugiat feugiat tempus. Nulla lacinia, nisi ut efficitur consectetur, ligula eros aliquet nunc, nec vestibulum tortor purus in nisi. Fusce consequat congue neque eget faucibus."}}
  [1m[36mTRANSACTION (0.2ms)[0m  [1m[35mBEGIN[0m
  ↳ app/controllers/encoder_controller.rb:5:in `encode'
  [1m[36mOriginalString Create (0.6ms)[0m  [1m[32mINSERT INTO "original_strings" ("value", "created_at", "updated_at") VALUES ($1, $2, $3) RETURNING "id"[0m  [["value", "Lorem ipsum dolor sit amet, consectetur adipiscing elit. Nulla facilisi. Suspendisse ultrices, nisi ac eleifend interdum, ipsum tellus tempor enim, eu consectetur nunc arcu id lacus. Integer semper felis ac dolor iaculis, eu aliquet lectus euismod. Sed ac elit id tellus malesuada efficitur vel nec erat. Fusce dictum risus ut tristique tempor. Curabitur vulputate elit sit amet lectus dapibus, ac ultricies risus efficitur. Nam et ultrices lectus. Nulla tempus, massa nec malesuada pretium, dolor mauris tincidunt nunc, a rutrum lectus leo id lorem. Fusce sed iaculis arcu, sed venenatis orci. Vestibulum quis faucibus tortor. Mauris quis ullamcorper purus. Duis malesuada justo ac dui volutpat, et aliquet purus sagittis. Nunc feugiat feugiat tempus. Nulla lacinia, nisi ut efficitur consectetur, ligula eros aliquet nunc, nec vestibulum tortor purus in nisi. Fusce consequat congue neque eget faucibus."], ["created_at", "2023-07-04 20:19:41.666712"], ["updated_at", "2023-07-04 20:19:41.666712"]]
  ↳ app/controllers/encoder_controller.rb:5:in `encode'
  [1m[36mTRANSACTION (7.4ms)[0m  [1m[35mCOMMIT[0m
  ↳ app/controllers/encoder_controller.rb:5:in `encode'
Completed 200 OK in 30ms (Views: 0.2ms | ActiveRecord: 13.8ms | Allocations: 6968)


  [1m[36mOriginalString Load (0.3ms)[0m  [1m[34mSELECT "original_strings".* FROM "original_strings" ORDER BY "original_strings"."id" DESC LIMIT $1[0m  [["LIMIT", 1]]
  [1m[36mOriginalString Load (0.3ms)[0m  [1m[34mSELECT "original_strings".* FROM "original_strings" ORDER BY "original_strings"."id" DESC LIMIT $1[0m  [["LIMIT", 1]]
  [1m[36mOriginalString Load (0.3ms)[0m  [1m[34mSELECT "original_strings".* FROM "original_strings" ORDER BY "original_strings"."id" DESC LIMIT $1[0m  [["LIMIT", 1]]
  [1m[36mActiveRecord::SchemaMigration Pluck (1.3ms)[0m  [1m[34mSELECT "schema_migrations"."version" FROM "schema_migrations" ORDER BY "schema_migrations"."version" ASC[0m
  [1m[36mActiveRecord::SchemaMigration Pluck (0.3ms)[0m  [1m[34mSELECT "schema_migrations"."version" FROM "schema_migrations" ORDER BY "schema_migrations"."version" ASC[0m
  [1m[36mActiveRecord::SchemaMigration Pluck (0.3ms)[0m  [1m[34mSELECT "schema_migrations"."version" FROM "schema_migrations" ORDER BY "schema_migrations"."version" ASC[0m
  [1m[35m (0.2ms)[0m  [1m[34mSELECT pg_try_advisory_lock(4484900082295005660)[0m
  [1m[36mActiveRecord::SchemaMigration Pluck (0.2ms)[0m  [1m[34mSELECT "schema_migrations"."version" FROM "schema_migrations" ORDER BY "schema_migrations"."version" ASC[0m
Migrating to CreateOriginalStrings (20230704195916)
  [1m[36mTRANSACTION (0.1ms)[0m  [1m[35mBEGIN[0m
  [1m[35m (5.1ms)[0m  [1m[35mDROP TABLE "original_strings"[0m
  [1m[36mActiveRecord::SchemaMigration Delete All (1.7ms)[0m  [1m[31mDELETE FROM "schema_migrations" WHERE "schema_migrations"."version" = $1[0m  [["version", "20230704195916"]]
  [1m[36mTRANSACTION (2.9ms)[0m  [1m[35mCOMMIT[0m
  [1m[35m (0.4ms)[0m  [1m[34mSELECT pg_advisory_unlock(4484900082295005660)[0m
  [1m[36mActiveRecord::SchemaMigration Pluck (0.4ms)[0m  [1m[34mSELECT "schema_migrations"."version" FROM "schema_migrations" ORDER BY "schema_migrations"."version" ASC[0m
  [1m[36mActiveRecord::SchemaMigration Pluck (0.1ms)[0m  [1m[34mSELECT "schema_migrations"."version" FROM "schema_migrations" ORDER BY "schema_migrations"."version" ASC[0m
  [1m[35m (33.5ms)[0m  [1m[35mDROP DATABASE IF EXISTS "rot13_api_development"[0m
  [1m[35m (29.0ms)[0m  [1m[35mDROP DATABASE IF EXISTS "rot13_api_test"[0m
  [1m[35m (121.6ms)[0m  [1m[35mCREATE DATABASE "rot13_api_development" ENCODING = 'utf8'[0m
  [1m[35m (106.3ms)[0m  [1m[35mCREATE DATABASE "rot13_api_test" ENCODING = 'utf8'[0m
  [1m[35m (3.7ms)[0m  [1m[35mCREATE TABLE "schema_migrations" ("version" character varying NOT NULL PRIMARY KEY)[0m
  [1m[35m (2.5ms)[0m  [1m[35mCREATE TABLE "ar_internal_metadata" ("key" character varying NOT NULL PRIMARY KEY, "value" character varying, "created_at" timestamp(6) NOT NULL, "updated_at" timestamp(6) NOT NULL)[0m
  [1m[35m (0.2ms)[0m  [1m[34mSELECT pg_try_advisory_lock(4484900082295005660)[0m
  [1m[36mActiveRecord::SchemaMigration Pluck (0.4ms)[0m  [1m[34mSELECT "schema_migrations"."version" FROM "schema_migrations" ORDER BY "schema_migrations"."version" ASC[0m
Migrating to CreateOriginalStrings (20230704195916)
  [1m[36mTRANSACTION (0.2ms)[0m  [1m[35mBEGIN[0m
  [1m[35m (3.0ms)[0m  [1m[35mCREATE TABLE "original_strings" ("id" bigserial primary key, "value" text NOT NULL, "created_at" timestamp(6) NOT NULL, "updated_at" timestamp(6) NOT NULL)[0m
  [1m[36mActiveRecord::SchemaMigration Create (0.5ms)[0m  [1m[32mINSERT INTO "schema_migrations" ("version") VALUES ($1) RETURNING "version"[0m  [["version", "20230704195916"]]
  [1m[36mTRANSACTION (0.4ms)[0m  [1m[35mCOMMIT[0m
  [1m[36mActiveRecord::InternalMetadata Load (0.3ms)[0m  [1m[34mSELECT "ar_internal_metadata".* FROM "ar_internal_metadata" WHERE "ar_internal_metadata"."key" = $1 LIMIT $2[0m  [["key", "environment"], ["LIMIT", 1]]
  [1m[36mTRANSACTION (0.1ms)[0m  [1m[35mBEGIN[0m
  [1m[36mActiveRecord::InternalMetadata Create (0.7ms)[0m  [1m[32mINSERT INTO "ar_internal_metadata" ("key", "value", "created_at", "updated_at") VALUES ($1, $2, $3, $4) RETURNING "key"[0m  [["key", "environment"], ["value", "development"], ["created_at", "2023-07-05 13:25:21.776377"], ["updated_at", "2023-07-05 13:25:21.776377"]]
  [1m[36mTRANSACTION (0.3ms)[0m  [1m[35mCOMMIT[0m
  [1m[35m (0.2ms)[0m  [1m[34mSELECT pg_advisory_unlock(4484900082295005660)[0m
  [1m[35m (0.2ms)[0m  [1m[34mSELECT pg_try_advisory_lock(4484900082295005660)[0m
  [1m[36mActiveRecord::SchemaMigration Pluck (0.5ms)[0m  [1m[34mSELECT "schema_migrations"."version" FROM "schema_migrations" ORDER BY "schema_migrations"."version" ASC[0m
  [1m[36mActiveRecord::InternalMetadata Load (0.5ms)[0m  [1m[34mSELECT "ar_internal_metadata".* FROM "ar_internal_metadata" WHERE "ar_internal_metadata"."key" = $1 LIMIT $2[0m  [["key", "environment"], ["LIMIT", 1]]
  [1m[35m (0.2ms)[0m  [1m[34mSELECT pg_advisory_unlock(4484900082295005660)[0m
  [1m[35m (0.1ms)[0m  [1m[34mSELECT pg_try_advisory_lock(4484900082295005660)[0m
  [1m[36mActiveRecord::SchemaMigration Pluck (0.6ms)[0m  [1m[34mSELECT "schema_migrations"."version" FROM "schema_migrations" ORDER BY "schema_migrations"."version" ASC[0m
  [1m[36mActiveRecord::InternalMetadata Load (0.3ms)[0m  [1m[34mSELECT "ar_internal_metadata".* FROM "ar_internal_metadata" WHERE "ar_internal_metadata"."key" = $1 LIMIT $2[0m  [["key", "environment"], ["LIMIT", 1]]
  [1m[35m (0.3ms)[0m  [1m[34mSELECT pg_advisory_unlock(4484900082295005660)[0m
  [1m[35m (0.1ms)[0m  [1m[34mSELECT pg_try_advisory_lock(4484900082295005660)[0m
  [1m[36mActiveRecord::SchemaMigration Pluck (0.8ms)[0m  [1m[34mSELECT "schema_migrations"."version" FROM "schema_migrations" ORDER BY "schema_migrations"."version" ASC[0m
  [1m[36mActiveRecord::InternalMetadata Load (0.3ms)[0m  [1m[34mSELECT "ar_internal_metadata".* FROM "ar_internal_metadata" WHERE "ar_internal_metadata"."key" = $1 LIMIT $2[0m  [["key", "environment"], ["LIMIT", 1]]
  [1m[35m (0.3ms)[0m  [1m[34mSELECT pg_advisory_unlock(4484900082295005660)[0m
  [1m[36mActiveRecord::SchemaMigration Pluck (0.7ms)[0m  [1m[34mSELECT "schema_migrations"."version" FROM "schema_migrations" ORDER BY "schema_migrations"."version" ASC[0m
Started POST "/encode" for 127.0.0.1 at 2023-07-05 09:30:53 -0400
  [1m[36mActiveRecord::SchemaMigration Pluck (0.5ms)[0m  [1m[34mSELECT "schema_migrations"."version" FROM "schema_migrations" ORDER BY "schema_migrations"."version" ASC[0m
Processing by EncoderController#encode as */*
  Parameters: {"string"=>"Lorem ipsum dolor sit amet, consectetur adipiscing elit. Nulla facilisi. Suspendisse ultrices, nisi ac eleifend interdum, ipsum tellus tempor enim, eu consectetur nunc arcu id lacus. Integer semper felis ac dolor iaculis, eu aliquet lectus euismod. Sed ac elit id tellus malesuada efficitur vel nec erat. Fusce dictum risus ut tristique tempor. Curabitur vulputate elit sit amet lectus dapibus, ac ultricies risus efficitur. Nam et ultrices lectus. Nulla tempus, massa nec malesuada pretium, dolor mauris tincidunt nunc, a rutrum lectus leo id lorem. Fusce sed iaculis arcu, sed venenatis orci. Vestibulum quis faucibus tortor. Mauris quis ullamcorper purus. Duis malesuada justo ac dui volutpat, et aliquet purus sagittis. Nunc feugiat feugiat tempus. Nulla lacinia, nisi ut efficitur consectetur, ligula eros aliquet nunc, nec vestibulum tortor purus in nisi. Fusce consequat congue neque eget faucibus.", "encoder"=>{"string"=>"Lorem ipsum dolor sit amet, consectetur adipiscing elit. Nulla facilisi. Suspendisse ultrices, nisi ac eleifend interdum, ipsum tellus tempor enim, eu consectetur nunc arcu id lacus. Integer semper felis ac dolor iaculis, eu aliquet lectus euismod. Sed ac elit id tellus malesuada efficitur vel nec erat. Fusce dictum risus ut tristique tempor. Curabitur vulputate elit sit amet lectus dapibus, ac ultricies risus efficitur. Nam et ultrices lectus. Nulla tempus, massa nec malesuada pretium, dolor mauris tincidunt nunc, a rutrum lectus leo id lorem. Fusce sed iaculis arcu, sed venenatis orci. Vestibulum quis faucibus tortor. Mauris quis ullamcorper purus. Duis malesuada justo ac dui volutpat, et aliquet purus sagittis. Nunc feugiat feugiat tempus. Nulla lacinia, nisi ut efficitur consectetur, ligula eros aliquet nunc, nec vestibulum tortor purus in nisi. Fusce consequat congue neque eget faucibus."}}
  [1m[36mTRANSACTION (0.5ms)[0m  [1m[35mBEGIN[0m
  ↳ app/controllers/encoder_controller.rb:5:in `encode'
  [1m[36mOriginalString Create (0.9ms)[0m  [1m[32mINSERT INTO "original_strings" ("value", "created_at", "updated_at") VALUES ($1, $2, $3) RETURNING "id"[0m  [["value", "Lorem ipsum dolor sit amet, consectetur adipiscing elit. Nulla facilisi. Suspendisse ultrices, nisi ac eleifend interdum, ipsum tellus tempor enim, eu consectetur nunc arcu id lacus. Integer semper felis ac dolor iaculis, eu aliquet lectus euismod. Sed ac elit id tellus malesuada efficitur vel nec erat. Fusce dictum risus ut tristique tempor. Curabitur vulputate elit sit amet lectus dapibus, ac ultricies risus efficitur. Nam et ultrices lectus. Nulla tempus, massa nec malesuada pretium, dolor mauris tincidunt nunc, a rutrum lectus leo id lorem. Fusce sed iaculis arcu, sed venenatis orci. Vestibulum quis faucibus tortor. Mauris quis ullamcorper purus. Duis malesuada justo ac dui volutpat, et aliquet purus sagittis. Nunc feugiat feugiat tempus. Nulla lacinia, nisi ut efficitur consectetur, ligula eros aliquet nunc, nec vestibulum tortor purus in nisi. Fusce consequat congue neque eget faucibus."], ["created_at", "2023-07-05 13:30:53.391131"], ["updated_at", "2023-07-05 13:30:53.391131"]]
  ↳ app/controllers/encoder_controller.rb:5:in `encode'
  [1m[36mTRANSACTION (0.4ms)[0m  [1m[35mCOMMIT[0m
  ↳ app/controllers/encoder_controller.rb:5:in `encode'
Completed 200 OK in 62ms (Views: 0.4ms | ActiveRecord: 5.6ms | Allocations: 9352)


  [1m[36mOriginalString Load (0.4ms)[0m  [1m[34mSELECT "original_strings".* FROM "original_strings" ORDER BY "original_strings"."id" DESC LIMIT $1[0m  [["LIMIT", 1]]
Started POST "/encode" for 127.0.0.1 at 2023-07-05 09:31:46 -0400
Processing by EncoderController#encode as */*
  Parameters: {"string"=>"Lorem ipsum dolor sit amet, consectetur adipiscing elit. Nulla facilisi. Suspendisse ultrices, nisi ac eleifend interdum, ipsum tellus tempor enim, eu consectetur nunc arcu id lacus. Integer semper felis ac dolor iaculis, eu aliquet lectus euismod. Sed ac elit id tellus malesuada efficitur vel nec erat. Fusce dictum risus ut tristique tempor. Curabitur vulputate elit sit amet lectus dapibus, ac ultricies risus efficitur. Nam et ultrices lectus. Nulla tempus, massa nec malesuada pretium, dolor mauris tincidunt nunc, a rutrum lectus leo id lorem. Fusce sed iaculis arcu, sed venenatis orci. Vestibulum quis faucibus tortor. Mauris quis ullamcorper purus. Duis malesuada justo ac dui volutpat, et aliquet purus sagittis. Nunc feugiat feugiat tempus. Nulla lacinia, nisi ut efficitur consectetur, ligula eros aliquet nunc, nec vestibulum tortor purus in nisi. Fusce consequat congue neque eget faucibuddddddddddddddddddddddddddddddddddddddddddddddddddddddddddddddddddddddddddddddddddddddddddddddddddddddddddddddddddddddddddddddddddddddddddddddddddddddddddddddddddddddddddddddddddddddddddddddddddddddddddddddddddddddddddddddddddddddddddddddddddddddddddddddddddddddddddddddddddddddddddddddddddddddddddddddddddddddddddddddddddddddddddddddddddddddddddddddddddds.", "encoder"=>{"string"=>"Lorem ipsum dolor sit amet, consectetur adipiscing elit. Nulla facilisi. Suspendisse ultrices, nisi ac eleifend interdum, ipsum tellus tempor enim, eu consectetur nunc arcu id lacus. Integer semper felis ac dolor iaculis, eu aliquet lectus euismod. Sed ac elit id tellus malesuada efficitur vel nec erat. Fusce dictum risus ut tristique tempor. Curabitur vulputate elit sit amet lectus dapibus, ac ultricies risus efficitur. Nam et ultrices lectus. Nulla tempus, massa nec malesuada pretium, dolor mauris tincidunt nunc, a rutrum lectus leo id lorem. Fusce sed iaculis arcu, sed venenatis orci. Vestibulum quis faucibus tortor. Mauris quis ullamcorper purus. Duis malesuada justo ac dui volutpat, et aliquet purus sagittis. Nunc feugiat feugiat tempus. Nulla lacinia, nisi ut efficitur consectetur, ligula eros aliquet nunc, nec vestibulum tortor purus in nisi. Fusce consequat congue neque eget faucibuddddddddddddddddddddddddddddddddddddddddddddddddddddddddddddddddddddddddddddddddddddddddddddddddddddddddddddddddddddddddddddddddddddddddddddddddddddddddddddddddddddddddddddddddddddddddddddddddddddddddddddddddddddddddddddddddddddddddddddddddddddddddddddddddddddddddddddddddddddddddddddddddddddddddddddddddddddddddddddddddddddddddddddddddddddddddddddddddddds."}}
Completed 200 OK in 2ms (Views: 0.2ms | ActiveRecord: 0.0ms | Allocations: 792)


  [1m[36mOriginalString Load (0.3ms)[0m  [1m[34mSELECT "original_strings".* FROM "original_strings" ORDER BY "original_strings"."id" DESC LIMIT $1[0m  [["LIMIT", 1]]
  [1m[36mOriginalString Load (0.4ms)[0m  [1m[34mSELECT "original_strings".* FROM "original_strings" ORDER BY "original_strings"."id" DESC LIMIT $1[0m  [["LIMIT", 1]]
  [1m[36mOriginalString Count (0.5ms)[0m  [1m[34mSELECT COUNT(*) FROM "original_strings"[0m
Started POST "/encode" for 127.0.0.1 at 2023-07-05 09:32:41 -0400
Processing by EncoderController#encode as */*
  Parameters: {"string"=>"Lorem ipsum dolor sit amet, consectetur adipiscing elit. Nulla facilisi. Suspendisse ultrices, nisi ac eleifend interdum, ipsum tellus tempor enim, eu consectetur nunc arcu id lacus. Integer semper felis ac dolor iaculis, eu aliquet lectus euismod. Sed ac elit id tellus malesuada efficitur vel nec erat. Fusce dictum risus ut tristique tempor. Curabitur vulputate elit sit amet lectus dapibus, ac ultricies risus efficitur. Nam et ultrices lectus. Nulla tempus, massa nec malesuada pretium, dolor mauris tincidunt nunc, a rutrum lectus leo id lorem. Fusce sed iaculis arcu, sed venenatis orci. Vestibulum quis faucibus tortor. Mauris quis ullamcorper purus. Duis malesuada justo ac dui volutpat, et aliquet purus sagittis. Nunc feugiat feugiat tempus. Nulla lacinia, nisi ut efficitur consectetur, ligula eros aliquet nunc, nec vestibulum tortor purus in nisi. Fusce consequat congue neque eget faucibuddddddddddddddddddddddddddddddddddddddddddddddddddddddddddddddddddddddddddddddddddddddddddddddddddddddddddddddddddddddddddddddddddddddddddddddddddddddddddddddddddddddddddddddddddddddddddddddddddddddddddddddddddddddddddddddddddddddddddddddddddddddddddddddddddddddddddddddddddddddddddddddddddddddddddddddddddddddddddddddddddddddddddddddddddddddddddddddddddds.", "encoder"=>{"string"=>"Lorem ipsum dolor sit amet, consectetur adipiscing elit. Nulla facilisi. Suspendisse ultrices, nisi ac eleifend interdum, ipsum tellus tempor enim, eu consectetur nunc arcu id lacus. Integer semper felis ac dolor iaculis, eu aliquet lectus euismod. Sed ac elit id tellus malesuada efficitur vel nec erat. Fusce dictum risus ut tristique tempor. Curabitur vulputate elit sit amet lectus dapibus, ac ultricies risus efficitur. Nam et ultrices lectus. Nulla tempus, massa nec malesuada pretium, dolor mauris tincidunt nunc, a rutrum lectus leo id lorem. Fusce sed iaculis arcu, sed venenatis orci. Vestibulum quis faucibus tortor. Mauris quis ullamcorper purus. Duis malesuada justo ac dui volutpat, et aliquet purus sagittis. Nunc feugiat feugiat tempus. Nulla lacinia, nisi ut efficitur consectetur, ligula eros aliquet nunc, nec vestibulum tortor purus in nisi. Fusce consequat congue neque eget faucibuddddddddddddddddddddddddddddddddddddddddddddddddddddddddddddddddddddddddddddddddddddddddddddddddddddddddddddddddddddddddddddddddddddddddddddddddddddddddddddddddddddddddddddddddddddddddddddddddddddddddddddddddddddddddddddddddddddddddddddddddddddddddddddddddddddddddddddddddddddddddddddddddddddddddddddddddddddddddddddddddddddddddddddddddddddddddddddddddddds."}}
Completed 200 OK in 1ms (Views: 0.2ms | ActiveRecord: 0.0ms | Allocations: 659)


  [1m[36mOriginalString Load (0.2ms)[0m  [1m[34mSELECT "original_strings".* FROM "original_strings" WHERE "original_strings"."id" = $1 LIMIT $2[0m  [["id", 1], ["LIMIT", 1]]
  [1m[36mActiveRecord::SchemaMigration Pluck (0.7ms)[0m  [1m[34mSELECT "schema_migrations"."version" FROM "schema_migrations" ORDER BY "schema_migrations"."version" ASC[0m
  [1m[36mActiveRecord::InternalMetadata Pluck (0.3ms)[0m  [1m[34mSELECT "ar_internal_metadata"."value" FROM "ar_internal_metadata" WHERE "ar_internal_metadata"."key" = $1 LIMIT $2[0m  [["key", "environment"], ["LIMIT", 1]]
  [1m[36mActiveRecord::SchemaMigration Pluck (0.2ms)[0m  [1m[34mSELECT "schema_migrations"."version" FROM "schema_migrations" ORDER BY "schema_migrations"."version" ASC[0m
  [1m[36mActiveRecord::InternalMetadata Pluck (0.1ms)[0m  [1m[34mSELECT "ar_internal_metadata"."value" FROM "ar_internal_metadata" WHERE "ar_internal_metadata"."key" = $1 LIMIT $2[0m  [["key", "environment"], ["LIMIT", 1]]
  [1m[36mActiveRecord::SchemaMigration Pluck (0.1ms)[0m  [1m[34mSELECT "schema_migrations"."version" FROM "schema_migrations" ORDER BY "schema_migrations"."version" ASC[0m
  [1m[36mActiveRecord::InternalMetadata Pluck (0.1ms)[0m  [1m[34mSELECT "ar_internal_metadata"."value" FROM "ar_internal_metadata" WHERE "ar_internal_metadata"."key" = $1 LIMIT $2[0m  [["key", "environment"], ["LIMIT", 1]]
  [1m[35m (6418.8ms)[0m  [1m[35mDROP DATABASE IF EXISTS "rot13_api_development"[0m
  [1m[35m (26.9ms)[0m  [1m[35mDROP DATABASE IF EXISTS "rot13_api_test"[0m
  [1m[35m (0.1ms)[0m  [1m[35mDROP DATABASE IF EXISTS "rot13_api_development"[0m
  [1m[35m (0.2ms)[0m  [1m[35mDROP DATABASE IF EXISTS "rot13_api_test"[0m
  [1m[35m (0.1ms)[0m  [1m[35mDROP DATABASE IF EXISTS "rot13_api_development"[0m
  [1m[35m (0.1ms)[0m  [1m[35mDROP DATABASE IF EXISTS "rot13_api_test"[0m
  [1m[35m (114.2ms)[0m  [1m[35mCREATE DATABASE "rot13_api_development" ENCODING = 'utf8'[0m
  [1m[35m (99.7ms)[0m  [1m[35mCREATE DATABASE "rot13_api_test" ENCODING = 'utf8'[0m
  [1m[35m (3.6ms)[0m  [1m[35mCREATE TABLE "schema_migrations" ("version" character varying NOT NULL PRIMARY KEY)[0m
  [1m[35m (2.2ms)[0m  [1m[35mCREATE TABLE "ar_internal_metadata" ("key" character varying NOT NULL PRIMARY KEY, "value" character varying, "created_at" timestamp(6) NOT NULL, "updated_at" timestamp(6) NOT NULL)[0m
  [1m[35m (0.2ms)[0m  [1m[34mSELECT pg_try_advisory_lock(4484900082295005660)[0m
  [1m[36mActiveRecord::SchemaMigration Pluck (0.6ms)[0m  [1m[34mSELECT "schema_migrations"."version" FROM "schema_migrations" ORDER BY "schema_migrations"."version" ASC[0m
Migrating to CreateOriginalStrings (20230704195916)
  [1m[36mTRANSACTION (0.1ms)[0m  [1m[35mBEGIN[0m
  [1m[35m (3.1ms)[0m  [1m[35mCREATE TABLE "original_strings" ("id" bigserial primary key, "value" text NOT NULL, "created_at" timestamp(6) NOT NULL, "updated_at" timestamp(6) NOT NULL)[0m
  [1m[36mActiveRecord::SchemaMigration Create (0.4ms)[0m  [1m[32mINSERT INTO "schema_migrations" ("version") VALUES ($1) RETURNING "version"[0m  [["version", "20230704195916"]]
  [1m[36mTRANSACTION (0.3ms)[0m  [1m[35mCOMMIT[0m
  [1m[36mActiveRecord::InternalMetadata Load (0.3ms)[0m  [1m[34mSELECT "ar_internal_metadata".* FROM "ar_internal_metadata" WHERE "ar_internal_metadata"."key" = $1 LIMIT $2[0m  [["key", "environment"], ["LIMIT", 1]]
  [1m[36mTRANSACTION (0.1ms)[0m  [1m[35mBEGIN[0m
  [1m[36mActiveRecord::InternalMetadata Create (0.5ms)[0m  [1m[32mINSERT INTO "ar_internal_metadata" ("key", "value", "created_at", "updated_at") VALUES ($1, $2, $3, $4) RETURNING "key"[0m  [["key", "environment"], ["value", "development"], ["created_at", "2023-07-05 13:44:53.109417"], ["updated_at", "2023-07-05 13:44:53.109417"]]
  [1m[36mTRANSACTION (0.3ms)[0m  [1m[35mCOMMIT[0m
  [1m[35m (0.2ms)[0m  [1m[34mSELECT pg_advisory_unlock(4484900082295005660)[0m
  [1m[36mActiveRecord::SchemaMigration Pluck (0.7ms)[0m  [1m[34mSELECT "schema_migrations"."version" FROM "schema_migrations" ORDER BY "schema_migrations"."version" ASC[0m
Started POST "/encode" for 127.0.0.1 at 2023-07-05 09:46:04 -0400
  [1m[36mActiveRecord::SchemaMigration Pluck (0.6ms)[0m  [1m[34mSELECT "schema_migrations"."version" FROM "schema_migrations" ORDER BY "schema_migrations"."version" ASC[0m
Processing by EncoderController#encode as */*
  Parameters: {"string"=>"Lorem ipsum dolor sit amet, consectetur adipiscing elit. Nulla facilisi. Suspendisse ultrices, nisi ac eleifend interdum, ipsum tellus tempor enim, eu consectetur nunc arcu id lacus. Integer semper felis ac dolor iaculis, eu aliquet lectus euismod. Sed ac elit id tellus malesuada efficitur vel nec erat. Fusce dictum risus ut tristique tempor. Curabitur vulputate elit sit amet lectus dapibus, ac ultricies risus efficitur. Nam et ultrices lectus. Nulla tempus, massa nec malesuada pretium, dolor mauris tincidunt nunc, a rutrum lectus leo id lorem. Fusce sed iaculis arcu, sed venenatis orci. Vestibulum quis faucibus tortor. Mauris quis ullamcorper purus. Duis malesuada justo ac dui volutpat, et aliquet purus sagittis. Nunc feugiat feugiat tempus. Nulla lacinia, nisi ut efficitur consectetur, ligula eros aliquet nunc, nec vestibulum tortor purus in nisi. Fusce consequat congue neque eget faucibudddddddddddddddddddddddddddddddddddddddddddddddddddddddddddddddddddddddddddddddddddddddddddddddddddddddddddddddddddddddddddddddddddddddddddddddddddddddddddddddddddddddddddddddddddddddddddddddddddddddddddddddddddddddddddddddddddddddddddddddddddddddddddddddddddddddddddddddddddddddddddddddddddddddddddddddddddddddddddddddddddddddddddddddddddddddddddddddddddsfdvdfvdfvdvdskjvdsjklvhdjkvhdjkvhdfjkvdfvdjkvdfvdvdvdfvdvebvebebdbeqbebeqbebe.", "encoder"=>{"string"=>"Lorem ipsum dolor sit amet, consectetur adipiscing elit. Nulla facilisi. Suspendisse ultrices, nisi ac eleifend interdum, ipsum tellus tempor enim, eu consectetur nunc arcu id lacus. Integer semper felis ac dolor iaculis, eu aliquet lectus euismod. Sed ac elit id tellus malesuada efficitur vel nec erat. Fusce dictum risus ut tristique tempor. Curabitur vulputate elit sit amet lectus dapibus, ac ultricies risus efficitur. Nam et ultrices lectus. Nulla tempus, massa nec malesuada pretium, dolor mauris tincidunt nunc, a rutrum lectus leo id lorem. Fusce sed iaculis arcu, sed venenatis orci. Vestibulum quis faucibus tortor. Mauris quis ullamcorper purus. Duis malesuada justo ac dui volutpat, et aliquet purus sagittis. Nunc feugiat feugiat tempus. Nulla lacinia, nisi ut efficitur consectetur, ligula eros aliquet nunc, nec vestibulum tortor purus in nisi. Fusce consequat congue neque eget faucibudddddddddddddddddddddddddddddddddddddddddddddddddddddddddddddddddddddddddddddddddddddddddddddddddddddddddddddddddddddddddddddddddddddddddddddddddddddddddddddddddddddddddddddddddddddddddddddddddddddddddddddddddddddddddddddddddddddddddddddddddddddddddddddddddddddddddddddddddddddddddddddddddddddddddddddddddddddddddddddddddddddddddddddddddddddddddddddddddddsfdvdfvdfvdvdskjvdsjklvhdjkvhdjkvhdfjkvdfvdjkvdfvdvdvdfvdvebvebebdbeqbebeqbebe."}}
Completed 200 OK in 13ms (Views: 0.2ms | ActiveRecord: 3.3ms | Allocations: 7029)


  [1m[36mOriginalString Load (0.5ms)[0m  [1m[34mSELECT "original_strings".* FROM "original_strings" ORDER BY "original_strings"."id" DESC LIMIT $1[0m  [["LIMIT", 1]]
  [1m[36mOriginalString Load (0.3ms)[0m  [1m[34mSELECT "original_strings".* FROM "original_strings" ORDER BY "original_strings"."id" DESC LIMIT $1[0m  [["LIMIT", 1]]
  [1m[36mOriginalString Load (0.4ms)[0m  [1m[34mSELECT "original_strings".* FROM "original_strings" ORDER BY "original_strings"."id" DESC LIMIT $1[0m  [["LIMIT", 1]]
Started POST "/encode" for 127.0.0.1 at 2023-07-05 09:47:58 -0400
Processing by EncoderController#encode as */*
  Parameters: {"string"=>"Lorem ipsum dolor sit amet, consectetur adipiscing elit. Nulla facilisi. Suspendisse ultrices, nisi ac eleifend interdum, ipsum tellus tempor enim, eu consectetur nunc arcu id lacus. Integer semper felis ac dolor iaculis, eu aliquet lectus euismod. Sed ac elit id tellus malesuada efficitur vel nec erat. Fusce dictum risus ut tristique tempor. Curabitur vulputate elit sit amet lectus dapibus, ac ultricies risus efficitur. Nam et ultrices lectus. Nulla tempus, massa nec malesuada pretium, dolor mauris tincidunt nunc, a rutrum lectus leo id lorem. Fusce sed iaculis arcu, sed venenatis orci. Vestibulum quis faucibus tortor. Mauris quis ullamcorper purus. Duis malesuada justo ac dui volutpat, et aliquet purus sagittis. Nunc feugiat feugiat tempus. Nulla lacinia, nisi ut efficitur consectetur, ligula eros aliquet nunc, nec vestibulum tortor purus in nisi. Fusce consequat congue neque eget faucibudddddddddddddddddddddddddddddddddddddddddddddddddddddddddddddddddddddddddddddddddddddddddddddddddddddddddddddddddddddddddddddddddddddddddddddddddddddddddddddddddddddddddddddddddddddddddddddddddddddddddddddddddddddddddddddddddddddddddddddddddddddddddddddddddddddddddddddddddddddddddddddddddddddddddddddddddddddddddddddddddddddddddddddddddddddddddddddddddddsfdvdfvdfvdvdskjvdsjklvhdjkvhdjkvhdfjkvdfvdjkvdfvdvdvdfvdvebvebebdbeqbebeqbebe.", "encoder"=>{"string"=>"Lorem ipsum dolor sit amet, consectetur adipiscing elit. Nulla facilisi. Suspendisse ultrices, nisi ac eleifend interdum, ipsum tellus tempor enim, eu consectetur nunc arcu id lacus. Integer semper felis ac dolor iaculis, eu aliquet lectus euismod. Sed ac elit id tellus malesuada efficitur vel nec erat. Fusce dictum risus ut tristique tempor. Curabitur vulputate elit sit amet lectus dapibus, ac ultricies risus efficitur. Nam et ultrices lectus. Nulla tempus, massa nec malesuada pretium, dolor mauris tincidunt nunc, a rutrum lectus leo id lorem. Fusce sed iaculis arcu, sed venenatis orci. Vestibulum quis faucibus tortor. Mauris quis ullamcorper purus. Duis malesuada justo ac dui volutpat, et aliquet purus sagittis. Nunc feugiat feugiat tempus. Nulla lacinia, nisi ut efficitur consectetur, ligula eros aliquet nunc, nec vestibulum tortor purus in nisi. Fusce consequat congue neque eget faucibudddddddddddddddddddddddddddddddddddddddddddddddddddddddddddddddddddddddddddddddddddddddddddddddddddddddddddddddddddddddddddddddddddddddddddddddddddddddddddddddddddddddddddddddddddddddddddddddddddddddddddddddddddddddddddddddddddddddddddddddddddddddddddddddddddddddddddddddddddddddddddddddddddddddddddddddddddddddddddddddddddddddddddddddddddddddddddddddddddsfdvdfvdfvdvdskjvdsjklvhdjkvhdjkvhdfjkvdfvdjkvdfvdvdvdfvdvebvebebdbeqbebeqbebe."}}
Completed 422 Unprocessable Entity in 15ms (Views: 0.2ms | ActiveRecord: 2.2ms | Allocations: 5921)


Started POST "/encode" for 127.0.0.1 at 2023-07-05 09:48:31 -0400
Processing by EncoderController#encode as */*
  Parameters: {"string"=>"Lorem ipsum dolor sit amet, consectetur adipiscing elit. Nulla facilisi. Suspendisse ultrices, nisi ac eleifend interdum, ipsum tellus tempor enim, eu consectetur nunc arcu id lacus. Integer semper felis ac dolor iaculis, eu aliquet lectus euismod. Sed ac elit id tellus malesuada efficitur vel nec erat. Fusce dictum risus ut tristique tempor. Curabitur vulputate elit sit amet lectus dapibus, ac ultricies risus efficitur. Nam et ultrices lectus. Nulla tempus, massa nec malesuada pretium, dolor mauris tincidunt nunc, a rutrum lectus leo id lorem. Fusce sed iaculis arcu, sed venenatis orci. Vestibulum quis faucibus tortor. Mauris quis ullamcorper purus. Duis malesuada justo ac dui volutpat, et aliquet purus sagittis. Nunc feugiat feugiat tempus. Nulla lacinia, nisi ut efficitur consectetur, ligula eros aliquet nunc, nec vestibulum tortor purus in nisi. Fusce consequat congue neque eget faucibuddddddddddddddddddddddddddddddddddddddddddddddddddddddddddddddddddddddddddddddddddddddddddddddddddddddddddddddbe.", "encoder"=>{"string"=>"Lorem ipsum dolor sit amet, consectetur adipiscing elit. Nulla facilisi. Suspendisse ultrices, nisi ac eleifend interdum, ipsum tellus tempor enim, eu consectetur nunc arcu id lacus. Integer semper felis ac dolor iaculis, eu aliquet lectus euismod. Sed ac elit id tellus malesuada efficitur vel nec erat. Fusce dictum risus ut tristique tempor. Curabitur vulputate elit sit amet lectus dapibus, ac ultricies risus efficitur. Nam et ultrices lectus. Nulla tempus, massa nec malesuada pretium, dolor mauris tincidunt nunc, a rutrum lectus leo id lorem. Fusce sed iaculis arcu, sed venenatis orci. Vestibulum quis faucibus tortor. Mauris quis ullamcorper purus. Duis malesuada justo ac dui volutpat, et aliquet purus sagittis. Nunc feugiat feugiat tempus. Nulla lacinia, nisi ut efficitur consectetur, ligula eros aliquet nunc, nec vestibulum tortor purus in nisi. Fusce consequat congue neque eget faucibuddddddddddddddddddddddddddddddddddddddddddddddddddddddddddddddddddddddddddddddddddddddddddddddddddddddddddddddbe."}}
Completed 422 Unprocessable Entity in 2ms (Views: 0.2ms | ActiveRecord: 0.0ms | Allocations: 1353)


Started POST "/encode" for 127.0.0.1 at 2023-07-05 09:48:55 -0400
Processing by EncoderController#encode as */*
  Parameters: {"string"=>"Lorem ipsum dolor sit amet, consectetur adipiscing elit. Nulla facilisi. Suspendisse ultrices, nisi ac eleifend interdum, ipsum tellus tempor enim, eu consectetur nunc arcu id lacus. Integer semper felis ac dolor iaculis, eu aliquet lectus euismod. Sed ac elit id tellus malesuada efficitur vel nec erat. Fusce dictum risus ut tristique tempor. Curabitur vulputate elit sit amet lectus dapibus, ac ultricies risus efficitur. Nam et ultrices lectus. Nulla tempus, massa nec malesuada pretium, dolor mauris tincidunt nunc, a rutrum lectus leo id lorem. Fusce sed iaculis arcu, sed venenatis orci. Vestibulum quis faucibus tortor. Mauris quis ullamcorper purus. Duis malesuada justo ac dui volutpat, et aliquet purus sagittis. Nunc feugiat feugiat tempus. Nulla lacinia, nisi ut efficitur consectetur, ligula eros aliquet nunc, nec vestibulum tortor purus in nisi. Fusce consequat congue neque eget fadddddddddddddddddddddddddddddddddddddddddbe.", "encoder"=>{"string"=>"Lorem ipsum dolor sit amet, consectetur adipiscing elit. Nulla facilisi. Suspendisse ultrices, nisi ac eleifend interdum, ipsum tellus tempor enim, eu consectetur nunc arcu id lacus. Integer semper felis ac dolor iaculis, eu aliquet lectus euismod. Sed ac elit id tellus malesuada efficitur vel nec erat. Fusce dictum risus ut tristique tempor. Curabitur vulputate elit sit amet lectus dapibus, ac ultricies risus efficitur. Nam et ultrices lectus. Nulla tempus, massa nec malesuada pretium, dolor mauris tincidunt nunc, a rutrum lectus leo id lorem. Fusce sed iaculis arcu, sed venenatis orci. Vestibulum quis faucibus tortor. Mauris quis ullamcorper purus. Duis malesuada justo ac dui volutpat, et aliquet purus sagittis. Nunc feugiat feugiat tempus. Nulla lacinia, nisi ut efficitur consectetur, ligula eros aliquet nunc, nec vestibulum tortor purus in nisi. Fusce consequat congue neque eget fadddddddddddddddddddddddddddddddddddddddddbe."}}
  [1m[36mTRANSACTION (0.1ms)[0m  [1m[35mBEGIN[0m
  ↳ app/controllers/encoder_controller.rb:6:in `encode'
  [1m[36mOriginalString Create (0.8ms)[0m  [1m[32mINSERT INTO "original_strings" ("value", "created_at", "updated_at") VALUES ($1, $2, $3) RETURNING "id"[0m  [["value", "Lorem ipsum dolor sit amet, consectetur adipiscing elit. Nulla facilisi. Suspendisse ultrices, nisi ac eleifend interdum, ipsum tellus tempor enim, eu consectetur nunc arcu id lacus. Integer semper felis ac dolor iaculis, eu aliquet lectus euismod. Sed ac elit id tellus malesuada efficitur vel nec erat. Fusce dictum risus ut tristique tempor. Curabitur vulputate elit sit amet lectus dapibus, ac ultricies risus efficitur. Nam et ultrices lectus. Nulla tempus, massa nec malesuada pretium, dolor mauris tincidunt nunc, a rutrum lectus leo id lorem. Fusce sed iaculis arcu, sed venenatis orci. Vestibulum quis faucibus tortor. Mauris quis ullamcorper purus. Duis malesuada justo ac dui volutpat, et aliquet purus sagittis. Nunc feugiat feugiat tempus. Nulla lacinia, nisi ut efficitur consectetur, ligula eros aliquet nunc, nec vestibulum tortor purus in nisi. Fusce consequat congue neque eget fadddddddddddddddddddddddddddddddddddddddddbe."], ["created_at", "2023-07-05 13:48:55.326809"], ["updated_at", "2023-07-05 13:48:55.326809"]]
  ↳ app/controllers/encoder_controller.rb:6:in `encode'
  [1m[36mTRANSACTION (0.4ms)[0m  [1m[35mCOMMIT[0m
  ↳ app/controllers/encoder_controller.rb:6:in `encode'
Completed 200 OK in 6ms (Views: 0.2ms | ActiveRecord: 1.3ms | Allocations: 2977)


  [1m[36mOriginalString Load (0.3ms)[0m  [1m[34mSELECT "original_strings".* FROM "original_strings" ORDER BY "original_strings"."id" DESC LIMIT $1[0m  [["LIMIT", 1]]
  [1m[36mOriginalString Load (0.2ms)[0m  [1m[34mSELECT "original_strings".* FROM "original_strings" ORDER BY "original_strings"."id" DESC LIMIT $1[0m  [["LIMIT", 1]]
  [1m[36mOriginalString Load (0.4ms)[0m  [1m[34mSELECT "original_strings".* FROM "original_strings" ORDER BY "original_strings"."id" DESC LIMIT $1[0m  [["LIMIT", 1]]
  [1m[36mOriginalString Load (0.5ms)[0m  [1m[34mSELECT "original_strings".* FROM "original_strings" ORDER BY "original_strings"."id" DESC LIMIT $1[0m  [["LIMIT", 1]]
Started POST "/encode" for 127.0.0.1 at 2023-07-05 09:51:39 -0400
Processing by EncoderController#encode as */*
  Parameters: {"string"=>"Lorem ipsum dolor sit amet, consectetur adipiscing elit. Nulla facilisi. Suspendisse ultrices, nisi ac eleifend interdum, ipsum tellus tempor enim, eu consectetur nunc arcu id lacus. Integer semper felis ac dolor iaculis, eu aliquet lectus euismod. Sed ac elit id tellus malesuada efficitur vel nec erat. Fusce dictum risus ut tristique tempor. Curabitur vulputate elit sit amet lectus dapibus, ac ultricies risus efficitur. Nam et ultrices lectus. Nulla tempus, massa nec malesuada pretium, dolor mauris tincidunt nunc, a rutrum lectus leo id lorem. Fusce sed iaculis arcu, sed venenatis orci. Vestibulum quis faucibus tortor. Mauris quis ullamcorper purus. Duis malesuada justo ac dui volutpat, et aliquet purus sagittis. Nunc feugiat feugiat tempus. Nulla lacinia, nisi ut efficitur consectetur, ligula eros aliquet nunc, nec vestibulum tortor purus in nisi. Fusce consequat congue neque eget fadddddddddddddddddddddddddddddddddddddddddbe.", "encoder"=>{"string"=>"Lorem ipsum dolor sit amet, consectetur adipiscing elit. Nulla facilisi. Suspendisse ultrices, nisi ac eleifend interdum, ipsum tellus tempor enim, eu consectetur nunc arcu id lacus. Integer semper felis ac dolor iaculis, eu aliquet lectus euismod. Sed ac elit id tellus malesuada efficitur vel nec erat. Fusce dictum risus ut tristique tempor. Curabitur vulputate elit sit amet lectus dapibus, ac ultricies risus efficitur. Nam et ultrices lectus. Nulla tempus, massa nec malesuada pretium, dolor mauris tincidunt nunc, a rutrum lectus leo id lorem. Fusce sed iaculis arcu, sed venenatis orci. Vestibulum quis faucibus tortor. Mauris quis ullamcorper purus. Duis malesuada justo ac dui volutpat, et aliquet purus sagittis. Nunc feugiat feugiat tempus. Nulla lacinia, nisi ut efficitur consectetur, ligula eros aliquet nunc, nec vestibulum tortor purus in nisi. Fusce consequat congue neque eget fadddddddddddddddddddddddddddddddddddddddddbe."}}
  [1m[36mTRANSACTION (0.1ms)[0m  [1m[35mBEGIN[0m
  ↳ app/controllers/encoder_controller.rb:6:in `encode'
  [1m[36mOriginalString Create (1.3ms)[0m  [1m[32mINSERT INTO "original_strings" ("value", "created_at", "updated_at") VALUES ($1, $2, $3) RETURNING "id"[0m  [["value", "Lorem ipsum dolor sit amet, consectetur adipiscing elit. Nulla facilisi. Suspendisse ultrices, nisi ac eleifend interdum, ipsum tellus tempor enim, eu consectetur nunc arcu id lacus. Integer semper felis ac dolor iaculis, eu aliquet lectus euismod. Sed ac elit id tellus malesuada efficitur vel nec erat. Fusce dictum risus ut tristique tempor. Curabitur vulputate elit sit amet lectus dapibus, ac ultricies risus efficitur. Nam et ultrices lectus. Nulla tempus, massa nec malesuada pretium, dolor mauris tincidunt nunc, a rutrum lectus leo id lorem. Fusce sed iaculis arcu, sed venenatis orci. Vestibulum quis faucibus tortor. Mauris quis ullamcorper purus. Duis malesuada justo ac dui volutpat, et aliquet purus sagittis. Nunc feugiat feugiat tempus. Nulla lacinia, nisi ut efficitur consectetur, ligula eros aliquet nunc, nec vestibulum tortor purus in nisi. Fusce consequat congue neque eget fadddddddddddddddddddddddddddddddddddddddddbe."], ["created_at", "2023-07-05 13:51:39.463397"], ["updated_at", "2023-07-05 13:51:39.463397"]]
  ↳ app/controllers/encoder_controller.rb:6:in `encode'
  [1m[36mTRANSACTION (36.4ms)[0m  [1m[35mCOMMIT[0m
  ↳ app/controllers/encoder_controller.rb:6:in `encode'
Completed 200 OK in 155ms (Views: 0.2ms | ActiveRecord: 37.9ms | Allocations: 1915)


  [1m[35m (116.9ms)[0m  [1m[35mCREATE DATABASE "rot13_api_development" ENCODING = 'utf8'[0m
  [1m[35m (58.2ms)[0m  [1m[35mCREATE DATABASE "rot13_api_test" ENCODING = 'utf8'[0m
  [1m[35m (12.8ms)[0m  [1m[35mCREATE TABLE "schema_migrations" ("version" character varying NOT NULL PRIMARY KEY)[0m
  [1m[35m (3.9ms)[0m  [1m[35mCREATE TABLE "ar_internal_metadata" ("key" character varying NOT NULL PRIMARY KEY, "value" character varying, "created_at" timestamp(6) NOT NULL, "updated_at" timestamp(6) NOT NULL)[0m
  [1m[35m (0.6ms)[0m  [1m[34mSELECT pg_try_advisory_lock(4484900082295005660)[0m
  [1m[36mActiveRecord::SchemaMigration Pluck (0.7ms)[0m  [1m[34mSELECT "schema_migrations"."version" FROM "schema_migrations" ORDER BY "schema_migrations"."version" ASC[0m
Migrating to CreateOriginalStrings (20230704195916)
  [1m[36mTRANSACTION (3.3ms)[0m  [1m[35mBEGIN[0m
  [1m[35m (8.4ms)[0m  [1m[35mCREATE TABLE "original_strings" ("id" bigserial primary key, "value" text NOT NULL, "created_at" timestamp(6) NOT NULL, "updated_at" timestamp(6) NOT NULL)[0m
  [1m[36mActiveRecord::SchemaMigration Create (2.6ms)[0m  [1m[32mINSERT INTO "schema_migrations" ("version") VALUES ($1) RETURNING "version"[0m  [["version", "20230704195916"]]
  [1m[36mTRANSACTION (0.5ms)[0m  [1m[35mCOMMIT[0m
  [1m[36mActiveRecord::InternalMetadata Load (1.1ms)[0m  [1m[34mSELECT "ar_internal_metadata".* FROM "ar_internal_metadata" WHERE "ar_internal_metadata"."key" = $1 LIMIT $2[0m  [["key", "environment"], ["LIMIT", 1]]
  [1m[36mTRANSACTION (0.2ms)[0m  [1m[35mBEGIN[0m
  [1m[36mActiveRecord::InternalMetadata Create (1.7ms)[0m  [1m[32mINSERT INTO "ar_internal_metadata" ("key", "value", "created_at", "updated_at") VALUES ($1, $2, $3, $4) RETURNING "key"[0m  [["key", "environment"], ["value", "development"], ["created_at", "2023-07-06 15:28:07.697675"], ["updated_at", "2023-07-06 15:28:07.697675"]]
  [1m[36mTRANSACTION (0.3ms)[0m  [1m[35mCOMMIT[0m
  [1m[35m (0.8ms)[0m  [1m[34mSELECT pg_advisory_unlock(4484900082295005660)[0m
  [1m[36mActiveRecord::SchemaMigration Pluck (0.3ms)[0m  [1m[34mSELECT "schema_migrations"."version" FROM "schema_migrations" ORDER BY "schema_migrations"."version" ASC[0m
Started POST "/encode" for ::1 at 2023-07-06 11:28:16 -0400
  [1m[36mActiveRecord::SchemaMigration Pluck (1.5ms)[0m  [1m[34mSELECT "schema_migrations"."version" FROM "schema_migrations" ORDER BY "schema_migrations"."version" ASC[0m
Processing by EncoderController#encode as */*
Completed 422 Unprocessable Entity in 24ms (Views: 0.2ms | ActiveRecord: 9.0ms | Allocations: 10419)


Started POST "/encode?string=%E2%82%AC" for ::1 at 2023-07-06 11:32:09 -0400
Processing by EncoderController#encode as */*
  Parameters: {"string"=>"€"}
  [1m[36mTRANSACTION (0.2ms)[0m  [1m[35mBEGIN[0m
  ↳ app/controllers/encoder_controller.rb:6:in `encode'
  [1m[36mOriginalString Create (4.5ms)[0m  [1m[32mINSERT INTO "original_strings" ("value", "created_at", "updated_at") VALUES ($1, $2, $3) RETURNING "id"[0m  [["value", "€"], ["created_at", "2023-07-06 15:32:09.578901"], ["updated_at", "2023-07-06 15:32:09.578901"]]
  ↳ app/controllers/encoder_controller.rb:6:in `encode'
  [1m[36mTRANSACTION (0.4ms)[0m  [1m[35mCOMMIT[0m
  ↳ app/controllers/encoder_controller.rb:6:in `encode'
Completed 200 OK in 17ms (Views: 0.5ms | ActiveRecord: 5.1ms | Allocations: 3079)


Started POST "/encode?string=0xE2%200x82%200xAC" for ::1 at 2023-07-06 11:32:41 -0400
Processing by EncoderController#encode as */*
  Parameters: {"string"=>"0xE2 0x82 0xAC"}
  [1m[36mTRANSACTION (0.1ms)[0m  [1m[35mBEGIN[0m
  ↳ app/controllers/encoder_controller.rb:6:in `encode'
  [1m[36mOriginalString Create (0.7ms)[0m  [1m[32mINSERT INTO "original_strings" ("value", "created_at", "updated_at") VALUES ($1, $2, $3) RETURNING "id"[0m  [["value", "0xE2 0x82 0xAC"], ["created_at", "2023-07-06 15:32:41.962232"], ["updated_at", "2023-07-06 15:32:41.962232"]]
  ↳ app/controllers/encoder_controller.rb:6:in `encode'
  [1m[36mTRANSACTION (0.7ms)[0m  [1m[35mCOMMIT[0m
  ↳ app/controllers/encoder_controller.rb:6:in `encode'
Completed 200 OK in 5ms (Views: 0.2ms | ActiveRecord: 1.5ms | Allocations: 1916)


Started GET "/" for ::1 at 2023-07-06 14:50:18 -0400
  [1m[36mActiveRecord::SchemaMigration Pluck (2.3ms)[0m  [1m[34mSELECT "schema_migrations"."version" FROM "schema_migrations" ORDER BY "schema_migrations"."version" ASC[0m
Processing by Rails::WelcomeController#index as HTML
  Rendering /Users/dev/.rvm/gems/ruby-3.1.2/gems/railties-7.0.6/lib/rails/templates/rails/welcome/index.html.erb
  Rendered /Users/dev/.rvm/gems/ruby-3.1.2/gems/railties-7.0.6/lib/rails/templates/rails/welcome/index.html.erb (Duration: 1.8ms | Allocations: 637)
Completed 200 OK in 14ms (Views: 6.1ms | ActiveRecord: 0.0ms | Allocations: 5396)


